<?xml version="1.0" encoding="UTF-8"?>
<!-- Generated by org.testng.reporters.JUnitReportReporter -->
<testsuite hostname="SOP1IN" failures="0" tests="6" name="saucelabs.LoginTest" time="0.018" errors="0" timestamp="2022-11-02T11:28:44 IST" skipped="0">
  <testcase classname="saucelabs.LoginTest" name="Login" time="0.007"/>
  <system-out/>
  <testcase classname="saucelabs.LoginTest" name="Login" time="0.003"/>
  <system-out/>
  <testcase classname="saucelabs.LoginTest" name="Login" time="0.002"/>
  <system-out/>
  <testcase classname="saucelabs.LoginTest" name="Login" time="0.002"/>
  <system-out/>
  <testcase classname="saucelabs.LoginTest" name="Login" time="0.002"/>
  <system-out/>
  <testcase classname="saucelabs.LoginTest" name="Login" time="0.002"/>
  <system-out/>
</testsuite> <!-- saucelabs.LoginTest -->
