<?xml version="1.0" encoding="UTF-8"?>
<!-- Generated by org.testng.reporters.JUnitReportReporter -->
<testsuite hostname="SOP1IN" failures="0" tests="6" name="saucelabs.Login" time="0.027" errors="0" timestamp="2022-11-02T10:42:28 IST" skipped="0">
  <testcase classname="saucelabs.Login" name="f" time="0.002"/>
  <system-out/>
  <testcase classname="saucelabs.Login" name="f" time="0.012"/>
  <system-out/>
  <testcase classname="saucelabs.Login" name="f" time="0.004"/>
  <system-out/>
  <testcase classname="saucelabs.Login" name="f" time="0.004"/>
  <system-out/>
  <testcase classname="saucelabs.Login" name="f" time="0.002"/>
  <system-out/>
  <testcase classname="saucelabs.Login" name="f" time="0.003"/>
  <system-out/>
</testsuite> <!-- saucelabs.Login -->
