<?xml version="1.0" encoding="UTF-8"?>
<!-- Generated by org.testng.reporters.JUnitReportReporter -->
<testsuite hostname="SOP1IN" failures="0" tests="6" name="saucelabs.LoginTest" time="0.008" errors="0" timestamp="2022-11-02T12:52:04 IST" skipped="0">
  <testcase classname="saucelabs.LoginTest" name="Login" time="0.000"/>
  <system-out/>
  <testcase classname="saucelabs.LoginTest" name="Login" time="0.002"/>
  <system-out/>
  <testcase classname="saucelabs.LoginTest" name="Login" time="0.001"/>
  <system-out/>
  <testcase classname="saucelabs.LoginTest" name="Login" time="0.001"/>
  <system-out/>
  <testcase classname="saucelabs.LoginTest" name="Login" time="0.002"/>
  <system-out/>
  <testcase classname="saucelabs.LoginTest" name="Login" time="0.002"/>
  <system-out/>
</testsuite> <!-- saucelabs.LoginTest -->
