<?xml version="1.0" encoding="UTF-8"?>
<!-- Generated by org.testng.reporters.JUnitReportReporter -->
<testsuite hostname="DESKTOP-F27K7GE" failures="0" tests="6" name="saucelabs.LoginTest" time="0.042" errors="0" timestamp="2023-01-13T22:01:02 IST" skipped="0">
  <testcase classname="saucelabs.LoginTest" name="Login" time="0.011"/>
  <system-out/>
  <testcase classname="saucelabs.LoginTest" name="Login" time="0.005"/>
  <system-out/>
  <testcase classname="saucelabs.LoginTest" name="Login" time="0.003"/>
  <system-out/>
  <testcase classname="saucelabs.LoginTest" name="Login" time="0.004"/>
  <system-out/>
  <testcase classname="saucelabs.LoginTest" name="Login" time="0.008"/>
  <system-out/>
  <testcase classname="saucelabs.LoginTest" name="Login" time="0.011"/>
  <system-out/>
</testsuite> <!-- saucelabs.LoginTest -->
