<?xml version="1.0" encoding="UTF-8"?>
<!-- Generated by org.testng.reporters.JUnitReportReporter -->
<testsuite hostname="DESKTOP-F27K7GE" failures="0" tests="1" name="pkgSelenium.SauceLabAutomationTest" time="4.076" errors="0" timestamp="2023-01-13T22:01:02 IST" skipped="0">
  <testcase classname="pkgSelenium.SauceLabAutomationTest" name="sauceLabAutomation" time="4.076"/>
  <system-out/>
</testsuite> <!-- pkgSelenium.SauceLabAutomationTest -->
